<?xml version="1.0" encoding="UTF-8"?>
<!-- Generated by org.testng.reporters.JUnitReportReporter -->
<testsuite hostname="Shihab" name="variousConcepts.LearnTestNG" tests="2" failures="0" timestamp="16 Apr 2023 15:20:53 GMT" time="8.755" errors="0">
  <testcase name="addCustomer" time="5.171" classname="variousConcepts.LearnTestNG"/>
  <testcase name="loginTest" time="3.584" classname="variousConcepts.LearnTestNG"/>
</testsuite> <!-- variousConcepts.LearnTestNG -->
